<?xml version="1.0" encoding="UTF-8"?>
<!-- Generated by org.testng.reporters.JUnitReportReporter -->
<testsuite hostname="EC2AMAZ-S11DBRH" failures="1" tests="2" name="runners.MyTestRunner" time="14.021" errors="0" timestamp="2023-08-24T07:59:48 GMT" skipped="0">
  <testcase classname="runners.MyTestRunner" name="runScenario" time="8.350"/>
  <system-out/>
  <testcase classname="runners.MyTestRunner" name="runScenario" time="5.671">
    <failure message="expected [Selenium Tutorial - Google Search Page] but found [Selenium Tutorial - Google Search]" type="java.lang.AssertionError">
      <![CDATA[java.lang.AssertionError: expected [Selenium Tutorial - Google Search Page] but found [Selenium Tutorial - Google Search]
at org.testng.Assert.fail(Assert.java:110)
at org.testng.Assert.failNotEquals(Assert.java:1413)
at org.testng.Assert.assertEqualsImpl(Assert.java:149)
at org.testng.Assert.assertEquals(Assert.java:131)
at org.testng.Assert.assertEquals(Assert.java:655)
at org.testng.Assert.assertEquals(Assert.java:665)
at stepDefs.GooglePageStepDef.should_display_selenium_result_page(GooglePageStepDef.java:57)
at âœ½.Should display selenium result page(file:///C:/Users/Administrator/eclipse-workspace/BDDSampleB35/src/test/resources/features/GooglePageSearch.feature:11)
]]>
    </failure>
  </testcase> <!-- runScenario -->
  <system-out/>
</testsuite> <!-- runners.MyTestRunner -->
